Start testing: May 18 08:06 -03
----------------------------------------------------------
1/1 Testing: test_nurses_sat
1/1 Test: test_nurses_sat
Command: "/Users/nacho/Downloads/or-tools_arm64_macOS-13.2.1_cpp_v9.6.2534/examples/nurses_sat/build/bin/nurses_sat"
Directory: /Users/nacho/Downloads/or-tools_arm64_macOS-13.2.1_cpp_v9.6.2534/examples/nurses_sat/build
"test_nurses_sat" start time: May 18 08:06 -03
Output:
----------------------------------------------------------
WARNING: All log messages before absl::InitializeLog() is called are written to STDERR
I0000 00:00:1684407977.707969       1 nurses_sat.cc:148] Solution 0
I0000 00:00:1684407977.707995       1 nurses_sat.cc:150] Day 0
I0000 00:00:1684407977.707998       1 nurses_sat.cc:162]   Nurse 0 does not work
I0000 00:00:1684407977.708000       1 nurses_sat.cc:157]   Nurse 1 works shift 0
I0000 00:00:1684407977.708002       1 nurses_sat.cc:157]   Nurse 2 works shift 1
I0000 00:00:1684407977.708003       1 nurses_sat.cc:157]   Nurse 3 works shift 2
I0000 00:00:1684407977.708009       1 nurses_sat.cc:150] Day 1
I0000 00:00:1684407977.708010       1 nurses_sat.cc:157]   Nurse 0 works shift 2
I0000 00:00:1684407977.708012       1 nurses_sat.cc:162]   Nurse 1 does not work
I0000 00:00:1684407977.708013       1 nurses_sat.cc:157]   Nurse 2 works shift 1
I0000 00:00:1684407977.708015       1 nurses_sat.cc:157]   Nurse 3 works shift 0
I0000 00:00:1684407977.708016       1 nurses_sat.cc:150] Day 2
I0000 00:00:1684407977.708017       1 nurses_sat.cc:157]   Nurse 0 works shift 2
I0000 00:00:1684407977.708019       1 nurses_sat.cc:157]   Nurse 1 works shift 1
I0000 00:00:1684407977.708021       1 nurses_sat.cc:157]   Nurse 2 works shift 0
I0000 00:00:1684407977.708023       1 nurses_sat.cc:162]   Nurse 3 does not work
I0000 00:00:1684407977.708040       1 nurses_sat.cc:148] Solution 1
I0000 00:00:1684407977.708042       1 nurses_sat.cc:150] Day 0
I0000 00:00:1684407977.708043       1 nurses_sat.cc:157]   Nurse 0 works shift 0
I0000 00:00:1684407977.708045       1 nurses_sat.cc:162]   Nurse 1 does not work
I0000 00:00:1684407977.708046       1 nurses_sat.cc:157]   Nurse 2 works shift 1
I0000 00:00:1684407977.708048       1 nurses_sat.cc:157]   Nurse 3 works shift 2
I0000 00:00:1684407977.708049       1 nurses_sat.cc:150] Day 1
I0000 00:00:1684407977.708050       1 nurses_sat.cc:162]   Nurse 0 does not work
I0000 00:00:1684407977.708052       1 nurses_sat.cc:157]   Nurse 1 works shift 2
I0000 00:00:1684407977.708053       1 nurses_sat.cc:157]   Nurse 2 works shift 1
I0000 00:00:1684407977.708054       1 nurses_sat.cc:157]   Nurse 3 works shift 0
I0000 00:00:1684407977.708056       1 nurses_sat.cc:150] Day 2
I0000 00:00:1684407977.708057       1 nurses_sat.cc:157]   Nurse 0 works shift 2
I0000 00:00:1684407977.708058       1 nurses_sat.cc:157]   Nurse 1 works shift 1
I0000 00:00:1684407977.708059       1 nurses_sat.cc:157]   Nurse 2 works shift 0
I0000 00:00:1684407977.708061       1 nurses_sat.cc:162]   Nurse 3 does not work
I0000 00:00:1684407977.708075       1 nurses_sat.cc:148] Solution 2
I0000 00:00:1684407977.708077       1 nurses_sat.cc:150] Day 0
I0000 00:00:1684407977.708078       1 nurses_sat.cc:157]   Nurse 0 works shift 0
I0000 00:00:1684407977.708080       1 nurses_sat.cc:162]   Nurse 1 does not work
I0000 00:00:1684407977.708081       1 nurses_sat.cc:157]   Nurse 2 works shift 1
I0000 00:00:1684407977.708083       1 nurses_sat.cc:157]   Nurse 3 works shift 2
I0000 00:00:1684407977.708084       1 nurses_sat.cc:150] Day 1
I0000 00:00:1684407977.708085       1 nurses_sat.cc:157]   Nurse 0 works shift 1
I0000 00:00:1684407977.708087       1 nurses_sat.cc:157]   Nurse 1 works shift 2
I0000 00:00:1684407977.708088       1 nurses_sat.cc:162]   Nurse 2 does not work
I0000 00:00:1684407977.708090       1 nurses_sat.cc:157]   Nurse 3 works shift 0
I0000 00:00:1684407977.708091       1 nurses_sat.cc:150] Day 2
I0000 00:00:1684407977.708097       1 nurses_sat.cc:157]   Nurse 0 works shift 2
I0000 00:00:1684407977.708098       1 nurses_sat.cc:157]   Nurse 1 works shift 1
I0000 00:00:1684407977.708100       1 nurses_sat.cc:157]   Nurse 2 works shift 0
I0000 00:00:1684407977.708102       1 nurses_sat.cc:162]   Nurse 3 does not work
I0000 00:00:1684407977.708115       1 nurses_sat.cc:148] Solution 3
I0000 00:00:1684407977.708117       1 nurses_sat.cc:150] Day 0
I0000 00:00:1684407977.708118       1 nurses_sat.cc:157]   Nurse 0 works shift 0
I0000 00:00:1684407977.708120       1 nurses_sat.cc:162]   Nurse 1 does not work
I0000 00:00:1684407977.708121       1 nurses_sat.cc:157]   Nurse 2 works shift 1
I0000 00:00:1684407977.708123       1 nurses_sat.cc:157]   Nurse 3 works shift 2
I0000 00:00:1684407977.708124       1 nurses_sat.cc:150] Day 1
I0000 00:00:1684407977.708125       1 nurses_sat.cc:157]   Nurse 0 works shift 2
I0000 00:00:1684407977.708126       1 nurses_sat.cc:157]   Nurse 1 works shift 1
I0000 00:00:1684407977.708128       1 nurses_sat.cc:162]   Nurse 2 does not work
I0000 00:00:1684407977.708129       1 nurses_sat.cc:157]   Nurse 3 works shift 0
I0000 00:00:1684407977.708130       1 nurses_sat.cc:150] Day 2
I0000 00:00:1684407977.708132       1 nurses_sat.cc:157]   Nurse 0 works shift 2
I0000 00:00:1684407977.708133       1 nurses_sat.cc:157]   Nurse 1 works shift 1
I0000 00:00:1684407977.708134       1 nurses_sat.cc:157]   Nurse 2 works shift 0
I0000 00:00:1684407977.708136       1 nurses_sat.cc:162]   Nurse 3 does not work
I0000 00:00:1684407977.708148       1 nurses_sat.cc:148] Solution 4
I0000 00:00:1684407977.708149       1 nurses_sat.cc:150] Day 0
I0000 00:00:1684407977.708151       1 nurses_sat.cc:162]   Nurse 0 does not work
I0000 00:00:1684407977.708152       1 nurses_sat.cc:157]   Nurse 1 works shift 0
I0000 00:00:1684407977.708154       1 nurses_sat.cc:157]   Nurse 2 works shift 1
I0000 00:00:1684407977.708155       1 nurses_sat.cc:157]   Nurse 3 works shift 2
I0000 00:00:1684407977.708156       1 nurses_sat.cc:150] Day 1
I0000 00:00:1684407977.708157       1 nurses_sat.cc:157]   Nurse 0 works shift 2
I0000 00:00:1684407977.708159       1 nurses_sat.cc:157]   Nurse 1 works shift 1
I0000 00:00:1684407977.708161       1 nurses_sat.cc:162]   Nurse 2 does not work
I0000 00:00:1684407977.708162       1 nurses_sat.cc:157]   Nurse 3 works shift 0
I0000 00:00:1684407977.708163       1 nurses_sat.cc:150] Day 2
I0000 00:00:1684407977.708164       1 nurses_sat.cc:157]   Nurse 0 works shift 2
I0000 00:00:1684407977.708166       1 nurses_sat.cc:157]   Nurse 1 works shift 1
I0000 00:00:1684407977.708167       1 nurses_sat.cc:157]   Nurse 2 works shift 0
I0000 00:00:1684407977.708169       1 nurses_sat.cc:162]   Nurse 3 does not work
I0000 00:00:1684407977.708170       1 nurses_sat.cc:169] Stop search after 5 solutions.
I0000 00:00:1684407977.708225       1 nurses_sat.cc:180] Statistics
I0000 00:00:1684407977.708227       1 nurses_sat.cc:181] CpSolverResponse summary:
status: FEASIBLE
objective: 0
best_bound: 0
integers: 36
booleans: 36
conflicts: 5
branches: 142
propagations: 328
integer_propagations: 443
restarts: 77
lp_iterations: 0
walltime: 0.003821
usertime: 0.003821
deterministic_time: 0.00014586
gap_integral: 0
solution_fingerprint: 0x1d293e0fcff90608

I0000 00:00:1684407977.708455       1 nurses_sat.cc:182] solutions found : 5
<end of output>
Test time =   0.25 sec
----------------------------------------------------------
Test Passed.
"test_nurses_sat" end time: May 18 08:06 -03
"test_nurses_sat" time elapsed: 00:00:00
----------------------------------------------------------

End testing: May 18 08:06 -03
