Start testing: May 18 08:06 -03
----------------------------------------------------------
1/1 Testing: test_nurses_cp
1/1 Test: test_nurses_cp
Command: "/Users/nacho/Downloads/or-tools_arm64_macOS-13.2.1_cpp_v9.6.2534/examples/nurses_cp/build/bin/nurses_cp"
Directory: /Users/nacho/Downloads/or-tools_arm64_macOS-13.2.1_cpp_v9.6.2534/examples/nurses_cp/build
"test_nurses_cp" start time: May 18 08:06 -03
Output:
----------------------------------------------------------
<end of output>
Test time =   0.58 sec
----------------------------------------------------------
Test Passed.
"test_nurses_cp" end time: May 18 08:06 -03
"test_nurses_cp" time elapsed: 00:00:00
----------------------------------------------------------

End testing: May 18 08:06 -03
