Start testing: May 18 08:06 -03
----------------------------------------------------------
1/1 Testing: test_simple_ls_program
1/1 Test: test_simple_ls_program
Command: "/Users/nacho/Downloads/or-tools_arm64_macOS-13.2.1_cpp_v9.6.2534/examples/simple_ls_program/build/bin/simple_ls_program"
Directory: /Users/nacho/Downloads/or-tools_arm64_macOS-13.2.1_cpp_v9.6.2534/examples/simple_ls_program/build
"test_simple_ls_program" start time: May 18 08:06 -03
Output:
----------------------------------------------------------
<end of output>
Test time =   0.31 sec
----------------------------------------------------------
Test Passed.
"test_simple_ls_program" end time: May 18 08:06 -03
"test_simple_ls_program" time elapsed: 00:00:00
----------------------------------------------------------

End testing: May 18 08:06 -03
