Start testing: May 18 08:05 -03
----------------------------------------------------------
1/1 Testing: test_simple_knapsack_program
1/1 Test: test_simple_knapsack_program
Command: "/Users/nacho/Downloads/or-tools_arm64_macOS-13.2.1_cpp_v9.6.2534/examples/simple_knapsack_program/build/bin/simple_knapsack_program"
Directory: /Users/nacho/Downloads/or-tools_arm64_macOS-13.2.1_cpp_v9.6.2534/examples/simple_knapsack_program/build
"test_simple_knapsack_program" start time: May 18 08:05 -03
Output:
----------------------------------------------------------
WARNING: All log messages before absl::InitializeLog() is called are written to STDERR
I0000 00:00:1684407955.591215       1 simple_knapsack_program.cc:71] Total value: 847
I0000 00:00:1684407955.591272       1 simple_knapsack_program.cc:72] Packed items: {2, 3, 6, 13}
I0000 00:00:1684407955.591276       1 simple_knapsack_program.cc:73] Total weight: 847
I0000 00:00:1684407955.591279       1 simple_knapsack_program.cc:74] Packed weights: {194, 130, 230, 293}
<end of output>
Test time =   0.47 sec
----------------------------------------------------------
Test Passed.
"test_simple_knapsack_program" end time: May 18 08:05 -03
"test_simple_knapsack_program" time elapsed: 00:00:00
----------------------------------------------------------

End testing: May 18 08:05 -03
