Start testing: May 18 08:06 -03
----------------------------------------------------------
1/1 Testing: test_simple_sat_program
1/1 Test: test_simple_sat_program
Command: "/Users/nacho/Downloads/or-tools_arm64_macOS-13.2.1_cpp_v9.6.2534/examples/simple_sat_program/build/bin/simple_sat_program"
Directory: /Users/nacho/Downloads/or-tools_arm64_macOS-13.2.1_cpp_v9.6.2534/examples/simple_sat_program/build
"test_simple_sat_program" start time: May 18 08:06 -03
Output:
----------------------------------------------------------
WARNING: All log messages before absl::InitializeLog() is called are written to STDERR
I0000 00:00:1684407964.440504       1 simple_sat_program.cc:53] x = 1
I0000 00:00:1684407964.440530       1 simple_sat_program.cc:54] y = 0
I0000 00:00:1684407964.440533       1 simple_sat_program.cc:55] z = 0
<end of output>
Test time =   0.26 sec
----------------------------------------------------------
Test Passed.
"test_simple_sat_program" end time: May 18 08:06 -03
"test_simple_sat_program" time elapsed: 00:00:00
----------------------------------------------------------

End testing: May 18 08:06 -03
