Start testing: May 18 08:06 -03
----------------------------------------------------------
1/1 Testing: test_minimal_jobshop_cp
1/1 Test: test_minimal_jobshop_cp
Command: "/Users/nacho/Downloads/or-tools_arm64_macOS-13.2.1_cpp_v9.6.2534/examples/minimal_jobshop_cp/build/bin/minimal_jobshop_cp"
Directory: /Users/nacho/Downloads/or-tools_arm64_macOS-13.2.1_cpp_v9.6.2534/examples/minimal_jobshop_cp/build
"test_minimal_jobshop_cp" start time: May 18 08:06 -03
Output:
----------------------------------------------------------
<end of output>
Test time =   0.26 sec
----------------------------------------------------------
Test Passed.
"test_minimal_jobshop_cp" end time: May 18 08:06 -03
"test_minimal_jobshop_cp" time elapsed: 00:00:00
----------------------------------------------------------

End testing: May 18 08:06 -03
