Start testing: May 18 08:05 -03
----------------------------------------------------------
1/1 Testing: test_integer_programming
1/1 Test: test_integer_programming
Command: "/Users/nacho/Downloads/or-tools_arm64_macOS-13.2.1_cpp_v9.6.2534/examples/integer_programming/build/bin/integer_programming"
Directory: /Users/nacho/Downloads/or-tools_arm64_macOS-13.2.1_cpp_v9.6.2534/examples/integer_programming/build
"test_integer_programming" start time: May 18 08:05 -03
Output:
----------------------------------------------------------
I0518 08:05:53.623376       1 integer_programming.cc:27] ---- Integer programming example with CBC ----
I0518 08:05:53.624636       1 integer_programming.cc:63] Number of variables = 2
I0518 08:05:53.624641       1 integer_programming.cc:64] Number of constraints = 2
I0518 08:05:53.627984       1 integer_programming.cc:71] Solution:
I0518 08:05:53.627988       1 integer_programming.cc:72] x = 3
I0518 08:05:53.627991       1 integer_programming.cc:73] y = 2
I0518 08:05:53.627992       1 integer_programming.cc:74] Optimal objective value = 23
I0518 08:05:53.627993       1 integer_programming.cc:75] 
I0518 08:05:53.627993       1 integer_programming.cc:76] Advanced usage:
I0518 08:05:53.627994       1 integer_programming.cc:77] Problem solved in 4 milliseconds
I0518 08:05:53.627996       1 integer_programming.cc:78] Problem solved in 1 iterations
I0518 08:05:53.627997       1 integer_programming.cc:79] Problem solved in 0 branch-and-bound nodes
I0518 08:05:53.628032       1 integer_programming.cc:27] ---- Integer programming example with SAT ----
I0518 08:05:53.628037       1 integer_programming.cc:63] Number of variables = 2
I0518 08:05:53.628038       1 integer_programming.cc:64] Number of constraints = 2
I0518 08:05:53.636977       1 integer_programming.cc:71] Solution:
I0518 08:05:53.636988       1 integer_programming.cc:72] x = 3
I0518 08:05:53.636993       1 integer_programming.cc:73] y = 2
I0518 08:05:53.636994       1 integer_programming.cc:74] Optimal objective value = 23
I0518 08:05:53.636995       1 integer_programming.cc:75] 
I0518 08:05:53.636996       1 integer_programming.cc:76] Advanced usage:
I0518 08:05:53.636997       1 integer_programming.cc:77] Problem solved in 8 milliseconds
I0518 08:05:53.636999       1 integer_programming.cc:78] Problem solved in 0 iterations
I0518 08:05:53.637000       1 integer_programming.cc:79] Problem solved in 0 branch-and-bound nodes
I0518 08:05:53.637002       1 integer_programming.cc:27] ---- Integer programming example with SCIP ----
I0518 08:05:53.647962       1 integer_programming.cc:63] Number of variables = 2
I0518 08:05:53.647983       1 integer_programming.cc:64] Number of constraints = 2
I0518 08:05:53.649325       1 integer_programming.cc:71] Solution:
I0518 08:05:53.649331       1 integer_programming.cc:72] x = 3
I0518 08:05:53.649334       1 integer_programming.cc:73] y = 2
I0518 08:05:53.649335       1 integer_programming.cc:74] Optimal objective value = 23
I0518 08:05:53.649336       1 integer_programming.cc:75] 
I0518 08:05:53.649337       1 integer_programming.cc:76] Advanced usage:
I0518 08:05:53.649337       1 integer_programming.cc:77] Problem solved in 12 milliseconds
I0518 08:05:53.649339       1 integer_programming.cc:78] Problem solved in 0 iterations
I0518 08:05:53.649340       1 integer_programming.cc:79] Problem solved in 1 branch-and-bound nodes
I0518 08:05:53.651033       1 integer_programming.cc:27] ---- Integer programming example with GUROBI ----
I0518 08:05:53.651554       1 integer_programming.cc:36] Supports for solver GUROBI not linked in.
I0518 08:05:53.651559       1 integer_programming.cc:27] ---- Integer programming example with GLPK ----
I0518 08:05:53.651561       1 integer_programming.cc:36] Supports for solver GLPK not linked in.
I0518 08:05:53.651562       1 integer_programming.cc:27] ---- Integer programming example with CPLEX ----
I0518 08:05:53.651563       1 integer_programming.cc:36] Supports for solver CPLEX not linked in.
<end of output>
Test time =   0.27 sec
----------------------------------------------------------
Test Passed.
"test_integer_programming" end time: May 18 08:05 -03
"test_integer_programming" time elapsed: 00:00:00
----------------------------------------------------------

End testing: May 18 08:05 -03
