Start testing: May 18 08:06 -03
----------------------------------------------------------
1/1 Testing: test_tsp
1/1 Test: test_tsp
Command: "/Users/nacho/Downloads/or-tools_arm64_macOS-13.2.1_cpp_v9.6.2534/examples/tsp/build/bin/tsp"
Directory: /Users/nacho/Downloads/or-tools_arm64_macOS-13.2.1_cpp_v9.6.2534/examples/tsp/build
"test_tsp" start time: May 18 08:06 -03
Output:
----------------------------------------------------------
WARNING: All log messages before absl::InitializeLog() is called are written to STDERR
I0000 00:00:1684407970.153444       1 tsp.cc:74] Objective: 4384
I0000 00:00:1684407970.153483       1 tsp.cc:77] Route for Vehicle 0:
I0000 00:00:1684407970.153492       1 tsp.cc:86] 0 -> 9 -> 5 -> 8 -> 6 -> 2 -> 10 -> 16 -> 14 -> 13 -> 12 -> 11 -> 15 -> 3 -> 4 -> 1 -> 7 -> 0
I0000 00:00:1684407970.153495       1 tsp.cc:87] Distance of the route: 4384m
I0000 00:00:1684407970.153497       1 tsp.cc:88] 
I0000 00:00:1684407970.153499       1 tsp.cc:89] Advanced usage:
I0000 00:00:1684407970.153502       1 tsp.cc:90] Problem solved in 5ms
<end of output>
Test time =   0.49 sec
----------------------------------------------------------
Test Passed.
"test_tsp" end time: May 18 08:06 -03
"test_tsp" time elapsed: 00:00:00
----------------------------------------------------------

End testing: May 18 08:06 -03
