Start testing: May 18 08:06 -03
----------------------------------------------------------
1/1 Testing: test_simple_mip_program
1/1 Test: test_simple_mip_program
Command: "/Users/nacho/Downloads/or-tools_arm64_macOS-13.2.1_cpp_v9.6.2534/examples/simple_mip_program/build/bin/simple_mip_program"
Directory: /Users/nacho/Downloads/or-tools_arm64_macOS-13.2.1_cpp_v9.6.2534/examples/simple_mip_program/build
"test_simple_mip_program" start time: May 18 08:06 -03
Output:
----------------------------------------------------------
WARNING: All log messages before absl::InitializeLog() is called are written to STDERR
I0000 00:00:1684407962.684949       1 simple_mip_program.cc:39] Number of variables = 2
I0000 00:00:1684407962.684974       1 simple_mip_program.cc:53] Number of constraints = 2
I0000 00:00:1684407962.685311       1 simple_mip_program.cc:73] Solution:
I0000 00:00:1684407962.685315       1 simple_mip_program.cc:74] Objective value = 23
I0000 00:00:1684407962.685318       1 simple_mip_program.cc:75] x = 3
I0000 00:00:1684407962.685319       1 simple_mip_program.cc:76] y = 2
I0000 00:00:1684407962.685321       1 simple_mip_program.cc:80] 
Advanced usage:
I0000 00:00:1684407962.685322       1 simple_mip_program.cc:81] Problem solved in 1 milliseconds
I0000 00:00:1684407962.685324       1 simple_mip_program.cc:82] Problem solved in 0 iterations
I0000 00:00:1684407962.685326       1 simple_mip_program.cc:83] Problem solved in 1 branch-and-bound nodes
<end of output>
Test time =   0.25 sec
----------------------------------------------------------
Test Passed.
"test_simple_mip_program" end time: May 18 08:06 -03
"test_simple_mip_program" time elapsed: 00:00:00
----------------------------------------------------------

End testing: May 18 08:06 -03
