Start testing: May 18 08:05 -03
----------------------------------------------------------
1/1 Testing: test_simple_min_cost_flow_program
1/1 Test: test_simple_min_cost_flow_program
Command: "/Users/nacho/Downloads/or-tools_arm64_macOS-13.2.1_cpp_v9.6.2534/examples/simple_min_cost_flow_program/build/bin/simple_min_cost_flow_program"
Directory: /Users/nacho/Downloads/or-tools_arm64_macOS-13.2.1_cpp_v9.6.2534/examples/simple_min_cost_flow_program/build
"test_simple_min_cost_flow_program" start time: May 18 08:05 -03
Output:
----------------------------------------------------------
WARNING: All log messages before absl::InitializeLog() is called are written to STDERR
I0000 00:00:1684407959.253293       1 simple_min_cost_flow_program.cc:65] Minimum cost flow: 150
I0000 00:00:1684407959.253315       1 simple_min_cost_flow_program.cc:66] 
I0000 00:00:1684407959.253316       1 simple_min_cost_flow_program.cc:67]  Arc   Flow / Capacity  Cost
I0000 00:00:1684407959.253317       1 simple_min_cost_flow_program.cc:70] 0 -> 1  12  / 15       48
I0000 00:00:1684407959.253319       1 simple_min_cost_flow_program.cc:70] 0 -> 2  8  / 8       32
I0000 00:00:1684407959.253322       1 simple_min_cost_flow_program.cc:70] 1 -> 2  8  / 20       16
I0000 00:00:1684407959.253323       1 simple_min_cost_flow_program.cc:70] 1 -> 3  4  / 4       8
I0000 00:00:1684407959.253325       1 simple_min_cost_flow_program.cc:70] 1 -> 4  0  / 10       0
I0000 00:00:1684407959.253326       1 simple_min_cost_flow_program.cc:70] 2 -> 3  12  / 15       12
I0000 00:00:1684407959.253327       1 simple_min_cost_flow_program.cc:70] 2 -> 4  4  / 4       12
I0000 00:00:1684407959.253329       1 simple_min_cost_flow_program.cc:70] 3 -> 4  11  / 20       22
I0000 00:00:1684407959.253331       1 simple_min_cost_flow_program.cc:70] 4 -> 2  0  / 5       0
<end of output>
Test time =   0.25 sec
----------------------------------------------------------
Test Passed.
"test_simple_min_cost_flow_program" end time: May 18 08:05 -03
"test_simple_min_cost_flow_program" time elapsed: 00:00:00
----------------------------------------------------------

End testing: May 18 08:05 -03
